FactoryMethods1/app/build/intermediates/manifest_merge_blame_file/debug/manifest-merger-blame-debug-report.txt
1<?xml version="1.0" encoding="utf-8"?>
2<manifest xmlns:android="http://schemas.android.com/apk/res/android"
3    package="de.ecspride"
4    android:versionCode="1"
5    android:versionName="1.0" >
6
7    <uses-sdk
7-->src\main\AndroidManifest.xml:7:5-47
8        android:minSdkVersion="9"
8-->src\main\AndroidManifest.xml:7:5-47
9        android:targetSdkVersion="17" />
9-->src\main\AndroidManifest.xml:7:15-44
10
11    <uses-permission android:name="android.permission.ACCESS_FINE_LOCATION" />
11-->src\main\AndroidManifest.xml:9:5-11:7
11-->src\main\AndroidManifest.xml:10:9-63
12
13    <application
13-->src\main\AndroidManifest.xml:13:5-27:19
14        android:allowBackup="true"
14-->src\main\AndroidManifest.xml:14:9-35
15        android:debuggable="true"
16        android:icon="@drawable/ic_launcher"
16-->src\main\AndroidManifest.xml:15:9-45
17        android:label="@string/app_name"
17-->src\main\AndroidManifest.xml:16:9-41
18        android:theme="@style/AppTheme" >
18-->src\main\AndroidManifest.xml:17:9-40
19        <activity
19-->src\main\AndroidManifest.xml:18:9-26:20
20            android:name="de.ecspride.FactoryMethods1"
20-->src\main\AndroidManifest.xml:19:13-55
21            android:label="@string/app_name" >
21-->src\main\AndroidManifest.xml:20:13-45
22            <intent-filter>
22-->src\main\AndroidManifest.xml:21:13-25:29
23                <action android:name="android.intent.action.MAIN" />
23-->src\main\AndroidManifest.xml:22:17-69
23-->src\main\AndroidManifest.xml:22:25-66
24
25                <category android:name="android.intent.category.LAUNCHER" />
25-->src\main\AndroidManifest.xml:24:17-77
25-->src\main\AndroidManifest.xml:24:27-74
26            </intent-filter>
27        </activity>
28    </application>
29
30</manifest>